#! /c/Source/iverilog-install/bin/vvp
:ivl_version "12.0 (devel)" "(s20150603-1110-g18392a46)";
:ivl_delay_selection "TYPICAL";
:vpi_time_precision - 9;
:vpi_module "C:\iverilog\lib\ivl\system.vpi";
:vpi_module "C:\iverilog\lib\ivl\vhdl_sys.vpi";
:vpi_module "C:\iverilog\lib\ivl\vhdl_textio.vpi";
:vpi_module "C:\iverilog\lib\ivl\v2005_math.vpi";
:vpi_module "C:\iverilog\lib\ivl\va_math.vpi";
S_0000016ad655abc0 .scope module, "booth_mult_tb" "booth_mult_tb" 2 7;
 .timescale -9 -9;
P_0000016ad655ad50 .param/l "MUL_A_W" 0 2 10, +C4<00000000000000000000000000001000>;
P_0000016ad655ad88 .param/l "MUL_B_W" 0 2 11, +C4<00000000000000000000000000001000>;
P_0000016ad655adc0 .param/l "MUL_OUT_W" 0 2 12, +C4<00000000000000000000000000010000>;
P_0000016ad655adf8 .param/l "TIME_PERIOD" 0 2 9, +C4<00000000000000000000000000001010>;
v0000016ad65bdb80_0 .var *"_ivl_0", 0 0; Local signal
v0000016ad65bdc20_0 .var "clk", 0 0;
v0000016ad65bd540_0 .var/i "i", 31 0;
v0000016ad65bd5e0_0 .var/s "in_A", 7 0;
v0000016ad65bd900_0 .var/s "in_B", 7 0;
v0000016ad65bd2c0_0 .var "in_valid", 0 0;
v0000016ad65bdf40_0 .var/i "j", 31 0;
v0000016ad65bd9a0_0 .net/s "out_data", 15 0, v0000016ad654e0a0_0;  1 drivers
v0000016ad65bd680_0 .net "out_valid", 0 0, v0000016ad654e320_0;  1 drivers
v0000016ad65bda40_0 .var/s "ref_data", 15 0;
v0000016ad65bdae0_0 .var "rst_n", 0 0;
S_0000016ad655ae40 .scope module, "inst_booth_mul" "booth_mul" 2 64, 3 6 0, S_0000016ad655abc0;
 .timescale -9 -9;
    .port_info 0 /INPUT 1 "clk";
    .port_info 1 /INPUT 1 "rst_n";
    .port_info 2 /INPUT 1 "in_valid_i";
    .port_info 3 /INPUT 8 "in_A_i";
    .port_info 4 /INPUT 8 "in_B_i";
    .port_info 5 /OUTPUT 1 "out_valid_o";
    .port_info 6 /OUTPUT 16 "mult_out_o";
P_0000016ad6636b50 .param/l "MUL_A_W" 0 3 7, +C4<00000000000000000000000000001000>;
P_0000016ad6636b88 .param/l "MUL_A_W_LOG2" 1 3 23, +C4<00000000000000000000000000000100>;
P_0000016ad6636bc0 .param/l "MUL_B_W" 0 3 8, +C4<00000000000000000000000000001000>;
P_0000016ad6636bf8 .param/l "MUL_OUT_W" 0 3 9, +C4<00000000000000000000000000010000>;
v0000016ad654a130_0 .net "clk", 0 0, v0000016ad65bdc20_0;  1 drivers
v0000016ad66372e0_0 .var "cntr", 3 0;
v0000016ad6637180_0 .net/s "in_A_i", 7 0, v0000016ad65bd5e0_0;  1 drivers
v0000016ad655afd0_0 .net/s "in_B_i", 7 0, v0000016ad65bd900_0;  1 drivers
v0000016ad654e000_0 .net "in_valid_i", 0 0, v0000016ad65bd2c0_0;  1 drivers
v0000016ad654e0a0_0 .var/s "mult_out_o", 15 0;
v0000016ad654e140_0 .var/s "multd", 7 0;
v0000016ad654e1e0_0 .var/s "multr", 7 0;
v0000016ad654e280_0 .var "multr_qn", 0 0;
v0000016ad654e320_0 .var "out_valid_o", 0 0;
v0000016ad654e3c0_0 .var/s "part_prod", 7 0;
v0000016ad654e460_0 .var/s "part_prod_d", 7 0;
v0000016ad654e500_0 .net "rst_n", 0 0, v0000016ad65bdae0_0;  1 drivers
E_0000016ad654beb0 .event anyedge, v0000016ad654e1e0_0, v0000016ad654e460_0, v0000016ad654e140_0, v0000016ad66372e0_0;
E_0000016ad654bbf0 .event posedge, v0000016ad654a130_0;
E_0000016ad654bf70/0 .event negedge, v0000016ad654e500_0;
E_0000016ad654bf70/1 .event posedge, v0000016ad654a130_0;
E_0000016ad654bf70 .event/or E_0000016ad654bf70/0, E_0000016ad654bf70/1;
    .scope S_0000016ad655ae40;
T_0 ;
    %wait E_0000016ad654bf70;
    %load/vec4 v0000016ad654e500_0;
    %cmpi/e 0, 0, 1;
    %jmp/0xz  T_0.0, 4;
    %pushi/vec4 0, 0, 8;
    %assign/vec4 v0000016ad654e460_0, 0;
    %pushi/vec4 0, 0, 1;
    %assign/vec4 v0000016ad654e280_0, 0;
    %pushi/vec4 8, 0, 4;
    %assign/vec4 v0000016ad66372e0_0, 0;
    %jmp T_0.1;
T_0.0 ;
    %load/vec4 v0000016ad654e000_0;
    %flag_set/vec4 8;
    %jmp/0xz  T_0.2, 8;
    %pushi/vec4 0, 0, 8;
    %assign/vec4 v0000016ad654e460_0, 0;
    %pushi/vec4 0, 0, 1;
    %assign/vec4 v0000016ad654e280_0, 0;
    %pushi/vec4 8, 0, 4;
    %assign/vec4 v0000016ad66372e0_0, 0;
    %jmp T_0.3;
T_0.2 ;
    %load/vec4 v0000016ad66372e0_0;
    %cmpi/ne 0, 0, 4;
    %jmp/0xz  T_0.4, 4;
    %load/vec4 v0000016ad66372e0_0;
    %subi 1, 0, 4;
    %assign/vec4 v0000016ad66372e0_0, 0;
    %load/vec4 v0000016ad654e1e0_0;
    %parti/s 1, 0, 2;
    %assign/vec4 v0000016ad654e280_0, 0;
    %load/vec4 v0000016ad654e280_0;
    %load/vec4 v0000016ad654e1e0_0;
    %parti/s 1, 0, 2;
    %pushi/vec4 1, 0, 1;
    %cmp/e;
    %flag_get/vec4 4;
    %xor;
    %flag_set/vec4 8;
    %jmp/0xz  T_0.6, 8;
    %load/vec4 v0000016ad654e3c0_0;
    %ix/load 4, 1, 0;
    %flag_set/imm 4, 0;
    %shiftr/s 4;
    %assign/vec4 v0000016ad654e460_0, 0;
    %jmp T_0.7;
T_0.6 ;
    %load/vec4 v0000016ad654e460_0;
    %ix/load 4, 1, 0;
    %flag_set/imm 4, 0;
    %shiftr/s 4;
    %assign/vec4 v0000016ad654e460_0, 0;
T_0.7 ;
T_0.4 ;
T_0.3 ;
T_0.1 ;
    %jmp T_0;
    .thread T_0;
    .scope S_0000016ad655ae40;
T_1 ;
    %wait E_0000016ad654bbf0;
    %load/vec4 v0000016ad654e000_0;
    %flag_set/vec4 8;
    %jmp/0xz  T_1.0, 8;
    %load/vec4 v0000016ad655afd0_0;
    %assign/vec4 v0000016ad654e140_0, 0;
    %load/vec4 v0000016ad6637180_0;
    %assign/vec4 v0000016ad654e1e0_0, 0;
    %jmp T_1.1;
T_1.0 ;
    %load/vec4 v0000016ad66372e0_0;
    %cmpi/ne 0, 0, 4;
    %jmp/0xz  T_1.2, 4;
    %load/vec4 v0000016ad654e280_0;
    %load/vec4 v0000016ad654e1e0_0;
    %parti/s 1, 0, 2;
    %pushi/vec4 1, 0, 1;
    %cmp/e;
    %flag_get/vec4 4;
    %xor;
    %flag_set/vec4 8;
    %jmp/0xz  T_1.4, 8;
    %load/vec4 v0000016ad654e3c0_0;
    %parti/s 1, 0, 2;
    %load/vec4 v0000016ad654e1e0_0;
    %parti/s 7, 1, 2;
    %concat/vec4; draw_concat_vec4
    %assign/vec4 v0000016ad654e1e0_0, 0;
    %jmp T_1.5;
T_1.4 ;
    %load/vec4 v0000016ad654e460_0;
    %parti/s 1, 0, 2;
    %load/vec4 v0000016ad654e1e0_0;
    %parti/s 7, 1, 2;
    %concat/vec4; draw_concat_vec4
    %assign/vec4 v0000016ad654e1e0_0, 0;
T_1.5 ;
T_1.2 ;
T_1.1 ;
    %jmp T_1;
    .thread T_1;
    .scope S_0000016ad655ae40;
T_2 ;
    %wait E_0000016ad654beb0;
    %load/vec4 v0000016ad654e1e0_0;
    %parti/s 1, 0, 2;
    %cmpi/e 1, 0, 1;
    %flag_mov 8, 4;
    %jmp/0 T_2.0, 8;
    %load/vec4 v0000016ad654e460_0;
    %load/vec4 v0000016ad654e140_0;
    %sub;
    %jmp/1 T_2.1, 8;
T_2.0 ; End of true expr.
    %load/vec4 v0000016ad654e460_0;
    %load/vec4 v0000016ad654e140_0;
    %add;
    %jmp/0 T_2.1, 8;
 ; End of false expr.
    %blend;
T_2.1;
    %store/vec4 v0000016ad654e3c0_0, 0, 8;
    %load/vec4 v0000016ad66372e0_0;
    %pushi/vec4 0, 0, 4;
    %cmp/e;
    %flag_get/vec4 4;
    %store/vec4 v0000016ad654e320_0, 0, 1;
    %load/vec4 v0000016ad654e460_0;
    %load/vec4 v0000016ad654e1e0_0;
    %concat/vec4; draw_concat_vec4
    %store/vec4 v0000016ad654e0a0_0, 0, 16;
    %jmp T_2;
    .thread T_2, $push;
    .scope S_0000016ad655abc0;
T_3 ;
    %pushi/vec4 0, 0, 1;
    %store/vec4 v0000016ad65bdc20_0, 0, 1;
    %end;
    .thread T_3;
    .scope S_0000016ad655abc0;
T_4 ;
    %load/vec4 v0000016ad65bdc20_0;
    %inv;
    %store/vec4 v0000016ad65bdb80_0, 0, 1;
    %pushi/vec4 10, 0, 64;
    %ix/vec4 4;
    %delayx 4;
    %load/vec4 v0000016ad65bdb80_0;
    %store/vec4 v0000016ad65bdc20_0, 0, 1;
    %jmp T_4;
    .thread T_4;
    .scope S_0000016ad655abc0;
T_5 ;
    %vpi_call 2 27 "$dumpfile", "test.vcd" {0 0 0};
    %vpi_call 2 28 "$dumpvars", 32'sb00000000000000000000000000000000, S_0000016ad655abc0 {0 0 0};
    %pushi/vec4 1, 0, 1;
    %store/vec4 v0000016ad65bdae0_0, 0, 1;
    %pushi/vec4 2, 0, 32;
T_5.0 %dup/vec4;
    %pushi/vec4 0, 0, 32;
    %cmp/s;
    %jmp/1xz T_5.1, 5;
    %jmp/1 T_5.1, 4;
    %pushi/vec4 1, 0, 32;
    %sub;
    %wait E_0000016ad654bbf0;
    %jmp T_5.0;
T_5.1 ;
    %pop/vec4 1;
    %pushi/vec4 0, 0, 1;
    %store/vec4 v0000016ad65bdae0_0, 0, 1;
    %pushi/vec4 2, 0, 32;
T_5.2 %dup/vec4;
    %pushi/vec4 0, 0, 32;
    %cmp/s;
    %jmp/1xz T_5.3, 5;
    %jmp/1 T_5.3, 4;
    %pushi/vec4 1, 0, 32;
    %sub;
    %wait E_0000016ad654bbf0;
    %jmp T_5.2;
T_5.3 ;
    %pop/vec4 1;
    %pushi/vec4 1, 0, 1;
    %store/vec4 v0000016ad65bdae0_0, 0, 1;
    %pushi/vec4 4294967169, 0, 32;
    %store/vec4 v0000016ad65bd540_0, 0, 32;
T_5.4 ;
    %load/vec4 v0000016ad65bd540_0;
    %cmpi/s 128, 0, 32;
    %jmp/0xz T_5.5, 5;
    %pushi/vec4 4294967169, 0, 32;
    %store/vec4 v0000016ad65bdf40_0, 0, 32;
T_5.6 ;
    %load/vec4 v0000016ad65bdf40_0;
    %cmpi/s 128, 0, 32;
    %jmp/0xz T_5.7, 5;
    %pushi/vec4 1, 0, 1;
    %store/vec4 v0000016ad65bd2c0_0, 0, 1;
    %load/vec4 v0000016ad65bd540_0;
    %pad/s 8;
    %store/vec4 v0000016ad65bd5e0_0, 0, 8;
    %load/vec4 v0000016ad65bdf40_0;
    %pad/s 8;
    %store/vec4 v0000016ad65bd900_0, 0, 8;
    %load/vec4 v0000016ad65bd5e0_0;
    %pad/s 16;
    %load/vec4 v0000016ad65bd900_0;
    %pad/s 16;
    %mul;
    %store/vec4 v0000016ad65bda40_0, 0, 16;
    %pushi/vec4 2, 0, 32;
T_5.8 %dup/vec4;
    %pushi/vec4 0, 0, 32;
    %cmp/s;
    %jmp/1xz T_5.9, 5;
    %jmp/1 T_5.9, 4;
    %pushi/vec4 1, 0, 32;
    %sub;
    %wait E_0000016ad654bbf0;
    %jmp T_5.8;
T_5.9 ;
    %pop/vec4 1;
    %pushi/vec4 0, 0, 1;
    %store/vec4 v0000016ad65bd2c0_0, 0, 1;
    %wait E_0000016ad654bbf0;
T_5.10 ;
    %load/vec4 v0000016ad65bd680_0;
    %nor/r;
    %flag_set/vec4 8;
    %jmp/0xz T_5.11, 8;
    %wait E_0000016ad654bbf0;
    %jmp T_5.10;
T_5.11 ;
    %load/vec4 v0000016ad65bd9a0_0;
    %load/vec4 v0000016ad65bda40_0;
    %cmp/e;
    %jmp/0xz  T_5.12, 6;
    %vpi_call 2 47 "$display", "DATA MATCHED  for inputs A:%4d B:%4d output: %6d", v0000016ad65bd5e0_0, v0000016ad65bd900_0, v0000016ad65bd9a0_0, $time {0 0 0};
    %jmp T_5.13;
T_5.12 ;
    %vpi_call 2 49 "$fatal", 32'sb00000000000000000000000000000001, "DATA MISMATCH output_data expected: %0d, Actual: %0d", v0000016ad65bda40_0, v0000016ad65bd9a0_0, $time {0 0 0};
T_5.13 ;
    %wait E_0000016ad654bbf0;
    ; show_stmt_assign_vector: Get l-value for compressed += operand
    %load/vec4 v0000016ad65bdf40_0;
    %pushi/vec4 1, 0, 32;
    %add;
    %store/vec4 v0000016ad65bdf40_0, 0, 32;
    %jmp T_5.6;
T_5.7 ;
    ; show_stmt_assign_vector: Get l-value for compressed += operand
    %load/vec4 v0000016ad65bd540_0;
    %pushi/vec4 1, 0, 32;
    %add;
    %store/vec4 v0000016ad65bd540_0, 0, 32;
    %jmp T_5.4;
T_5.5 ;
    %vpi_call 2 54 "$finish" {0 0 0};
    %end;
    .thread T_5;
# The file index is used to find the file name in the following table.
:file_names 4;
    "N/A";
    "<interactive>";
    "../rtl/booth_mult_tb.sv";
    "../rtl/booth_multiplier.v";
